<?xml version="1.0" encoding="UTF-8" standalone="no"?>
<!DOCTYPE log SYSTEM "logger.dtd">
<log>
<record>
  <date>2020-09-23T11:47:31.159-0300</date>
  <logger>KASSIO AUGUSTO DE MOURA SILVA</logger>
  <level>FINE</level>
  <message>File 119210551-KASSIO AUGUSTO DE MOURA SILVA.zip was received. It was sent by KASSIO AUGUSTO DE MOURA SILVA from IP 192.168.1.102 at 23-09-2020 11*47*31</message>
</record>
</log>
<?xml version="1.0" encoding="UTF-8" standalone="no"?>
<!DOCTYPE log SYSTEM "logger.dtd">
<log>
<record>
  <date>2020-09-23T12:00:14.317-0300</date>
  <logger>KASSIO AUGUSTO DE MOURA SILVA</logger>
  <level>FINE</level>
  <message>File 119210551-KASSIO AUGUSTO DE MOURA SILVA.zip was received. It was sent by KASSIO AUGUSTO DE MOURA SILVA from IP 192.168.0.106 at 23-09-2020 12*00*14</message>
</record>
</log>
<?xml version="1.0" encoding="UTF-8" standalone="no"?>
<!DOCTYPE log SYSTEM "logger.dtd">
<log>
<record>
  <date>2020-09-25T12:56:37.357-0300</date>
  <logger>KASSIO AUGUSTO DE MOURA SILVA</logger>
  <level>FINE</level>
  <message>File 119210551-KASSIO AUGUSTO DE MOURA SILVA.zip was received. It was sent by KASSIO AUGUSTO DE MOURA SILVA from IP 192.168.0.106 at 25-09-2020 12*56*37</message>
</record>
</log>
<?xml version="1.0" encoding="UTF-8" standalone="no"?>
<!DOCTYPE log SYSTEM "logger.dtd">
<log>
<record>
  <date>2020-09-25T18:50:47.672-0300</date>
  <logger>KASSIO AUGUSTO DE MOURA SILVA</logger>
  <level>FINE</level>
  <message>File 119210551-KASSIO AUGUSTO DE MOURA SILVA.zip was received. It was sent by KASSIO AUGUSTO DE MOURA SILVA from IP 192.168.0.106 at 25-09-2020 18*50*47</message>
</record>
</log>
<?xml version="1.0" encoding="UTF-8" standalone="no"?>
<!DOCTYPE log SYSTEM "logger.dtd">
<log>
<record>
  <date>2020-09-27T11:15:14.462-0300</date>
  <logger>KASSIO AUGUSTO DE MOURA SILVA</logger>
  <level>FINE</level>
  <message>File 119210551-KASSIO AUGUSTO DE MOURA SILVA.zip was received. It was sent by KASSIO AUGUSTO DE MOURA SILVA from IP 192.168.0.106 at 27-09-2020 11*15*14</message>
</record>
