<?xml version="1.0" encoding="UTF-8" standalone="no"?>
<!DOCTYPE log SYSTEM "logger.dtd">
<log>
<record>
  <date>2020-11-06T09:58:05.161-0300</date>
  <logger>KASSIO AUGUSTO DE MOURA SILVA</logger>
  <level>FINE</level>
  <message>File 119210551-KASSIO AUGUSTO DE MOURA SILVA.zip was received. It was sent by KASSIO AUGUSTO DE MOURA SILVA from IP 192.168.0.108 at 06-11-2020 09*58*05</message>
</record>
</log>
<?xml version="1.0" encoding="UTF-8" standalone="no"?>
<!DOCTYPE log SYSTEM "logger.dtd">
<log>
<record>
  <date>2020-11-08T19:17:36.898-0300</date>
  <logger>KASSIO AUGUSTO DE MOURA SILVA</logger>
  <level>FINE</level>
  <message>File 119210551-KASSIO AUGUSTO DE MOURA SILVA.zip was received. It was sent by KASSIO AUGUSTO DE MOURA SILVA from IP 192.168.0.108 at 08-11-2020 19*17*36</message>
</record>
</log>
<?xml version="1.0" encoding="UTF-8" standalone="no"?>
<!DOCTYPE log SYSTEM "logger.dtd">
<log>
<record>
  <date>2020-11-08T19:18:10.965-0300</date>
  <logger>KASSIO AUGUSTO DE MOURA SILVA</logger>
  <level>FINE</level>
  <message>File 119210551-KASSIO AUGUSTO DE MOURA SILVA.zip was received. It was sent by KASSIO AUGUSTO DE MOURA SILVA from IP 192.168.0.108 at 08-11-2020 19*18*10</message>
</record>
