<?xml version="1.0" encoding="UTF-8" standalone="no"?>
<!DOCTYPE log SYSTEM "logger.dtd">
<log>
<record>
  <date>2020-10-27T09:53:36.868-0300</date>
  <logger>KASSIO AUGUSTO DE MOURA SILVA</logger>
  <level>FINE</level>
  <message>File 119210551-KASSIO AUGUSTO DE MOURA SILVA.zip was received. It was sent by KASSIO AUGUSTO DE MOURA SILVA from IP 192.168.0.108 at 27-10-2020 09*53*36</message>
</record>
</log>
<?xml version="1.0" encoding="UTF-8" standalone="no"?>
<!DOCTYPE log SYSTEM "logger.dtd">
<log>
<record>
  <date>2020-10-29T08:35:53.722-0300</date>
  <logger>KASSIO AUGUSTO DE MOURA SILVA</logger>
  <level>FINE</level>
  <message>File 119210551-KASSIO AUGUSTO DE MOURA SILVA.zip was received. It was sent by KASSIO AUGUSTO DE MOURA SILVA from IP 192.168.0.108 at 29-10-2020 08*35*53</message>
</record>
</log>
<?xml version="1.0" encoding="UTF-8" standalone="no"?>
<!DOCTYPE log SYSTEM "logger.dtd">
<log>
<record>
  <date>2020-10-29T09:57:38.743-0300</date>
  <logger>KASSIO AUGUSTO DE MOURA SILVA</logger>
  <level>FINE</level>
  <message>File 119210551-KASSIO AUGUSTO DE MOURA SILVA.zip was received. It was sent by KASSIO AUGUSTO DE MOURA SILVA from IP 192.168.0.108 at 29-10-2020 09*57*38</message>
</record>
</log>
<?xml version="1.0" encoding="UTF-8" standalone="no"?>
<!DOCTYPE log SYSTEM "logger.dtd">
<log>
<record>
  <date>2020-10-29T10:23:52.554-0300</date>
  <logger>KASSIO AUGUSTO DE MOURA SILVA</logger>
  <level>FINE</level>
  <message>File 119210551-KASSIO AUGUSTO DE MOURA SILVA.zip was received. It was sent by KASSIO AUGUSTO DE MOURA SILVA from IP 192.168.0.108 at 29-10-2020 10*23*52</message>
</record>
</log>
<?xml version="1.0" encoding="UTF-8" standalone="no"?>
<!DOCTYPE log SYSTEM "logger.dtd">
<log>
<record>
  <date>2020-11-01T14:39:08.977-0300</date>
  <logger>KASSIO AUGUSTO DE MOURA SILVA</logger>
  <level>FINE</level>
  <message>File 119210551-KASSIO AUGUSTO DE MOURA SILVA.zip was received. It was sent by KASSIO AUGUSTO DE MOURA SILVA from IP 192.168.0.108 at 01-11-2020 14*39*08</message>
</record>
