<?xml version="1.0" encoding="UTF-8" standalone="no"?>
<!DOCTYPE log SYSTEM "logger.dtd">
<log>
<record>
  <date>2020-11-11T08:26:08.774-0300</date>
  <logger>KASSIO AUGUSTO DE MOURA SILVA</logger>
  <level>FINE</level>
  <message>File 119210551-KASSIO AUGUSTO DE MOURA SILVA.zip was received. It was sent by KASSIO AUGUSTO DE MOURA SILVA from IP 192.168.0.108 at 11-11-2020 08*26*08</message>
</record>
</log>
<?xml version="1.0" encoding="UTF-8" standalone="no"?>
<!DOCTYPE log SYSTEM "logger.dtd">
<log>
<record>
  <date>2020-11-11T08:57:44.895-0300</date>
  <logger>KASSIO AUGUSTO DE MOURA SILVA</logger>
  <level>FINE</level>
  <message>File 119210551-KASSIO AUGUSTO DE MOURA SILVA.zip was received. It was sent by KASSIO AUGUSTO DE MOURA SILVA from IP 192.168.0.108 at 11-11-2020 08*57*44</message>
</record>
</log>
<?xml version="1.0" encoding="UTF-8" standalone="no"?>
<!DOCTYPE log SYSTEM "logger.dtd">
<log>
<record>
  <date>2020-11-12T11:35:05.993-0300</date>
  <logger>KASSIO AUGUSTO DE MOURA SILVA</logger>
  <level>FINE</level>
  <message>File 119210551-KASSIO AUGUSTO DE MOURA SILVA.zip was received. It was sent by KASSIO AUGUSTO DE MOURA SILVA from IP 192.168.0.108 at 12-11-2020 11*35*05</message>
</record>
</log>
<?xml version="1.0" encoding="UTF-8" standalone="no"?>
<!DOCTYPE log SYSTEM "logger.dtd">
<log>
<record>
  <date>2020-11-14T12:35:49.327-0300</date>
  <logger>KASSIO AUGUSTO DE MOURA SILVA</logger>
  <level>FINE</level>
  <message>File 119210551-KASSIO AUGUSTO DE MOURA SILVA.zip was received. It was sent by KASSIO AUGUSTO DE MOURA SILVA from IP 192.168.0.108 at 14-11-2020 12*35*49</message>
</record>
</log>
<?xml version="1.0" encoding="UTF-8" standalone="no"?>
<!DOCTYPE log SYSTEM "logger.dtd">
<log>
<record>
  <date>2020-11-14T12:37:55.597-0300</date>
  <logger>KASSIO AUGUSTO DE MOURA SILVA</logger>
  <level>FINE</level>
  <message>File 119210551-KASSIO AUGUSTO DE MOURA SILVA.zip was received. It was sent by KASSIO AUGUSTO DE MOURA SILVA from IP 192.168.0.108 at 14-11-2020 12*37*55</message>
</record>
