<?xml version="1.0" encoding="UTF-8" standalone="no"?>
<!DOCTYPE log SYSTEM "logger.dtd">
<log>
<record>
  <date>2020-10-14T10:48:12.115-0300</date>
  <logger>KASSIO AUGUSTO DE MOURA SILVA</logger>
  <level>FINE</level>
  <message>File 119210551-KASSIO AUGUSTO DE MOURA SILVA.zip was received. It was sent by KASSIO AUGUSTO DE MOURA SILVA from IP 192.168.0.106 at 14-10-2020 10*48*12</message>
</record>
</log>
<?xml version="1.0" encoding="UTF-8" standalone="no"?>
<!DOCTYPE log SYSTEM "logger.dtd">
<log>
<record>
  <date>2020-10-14T11:04:18.780-0300</date>
  <logger>KASSIO AUGUSTO DE MOURA SILVA</logger>
  <level>FINE</level>
  <message>File 119210551-KASSIO AUGUSTO DE MOURA SILVA.zip was received. It was sent by KASSIO AUGUSTO DE MOURA SILVA from IP 192.168.0.106 at 14-10-2020 11*04*18</message>
</record>
</log>
<?xml version="1.0" encoding="UTF-8" standalone="no"?>
<!DOCTYPE log SYSTEM "logger.dtd">
<log>
<record>
  <date>2020-10-14T14:52:24.647-0300</date>
  <logger>KASSIO AUGUSTO DE MOURA SILVA</logger>
  <level>FINE</level>
  <message>File 119210551-KASSIO AUGUSTO DE MOURA SILVA.zip was received. It was sent by KASSIO AUGUSTO DE MOURA SILVA from IP 192.168.0.106 at 14-10-2020 14*52*24</message>
</record>
</log>
<?xml version="1.0" encoding="UTF-8" standalone="no"?>
<!DOCTYPE log SYSTEM "logger.dtd">
<log>
<record>
  <date>2020-10-16T14:52:38.420-0300</date>
  <logger>KASSIO AUGUSTO DE MOURA SILVA</logger>
  <level>FINE</level>
  <message>File 119210551-KASSIO AUGUSTO DE MOURA SILVA.zip was received. It was sent by KASSIO AUGUSTO DE MOURA SILVA from IP 192.168.0.106 at 16-10-2020 14*52*38</message>
</record>
</log>
<?xml version="1.0" encoding="UTF-8" standalone="no"?>
<!DOCTYPE log SYSTEM "logger.dtd">
<log>
<record>
  <date>2020-10-16T19:06:55.667-0300</date>
  <logger>KASSIO AUGUSTO DE MOURA SILVA</logger>
  <level>FINE</level>
  <message>File 119210551-KASSIO AUGUSTO DE MOURA SILVA.zip was received. It was sent by KASSIO AUGUSTO DE MOURA SILVA from IP 192.168.0.106 at 16-10-2020 19*06*55</message>
</record>
</log>
<?xml version="1.0" encoding="UTF-8" standalone="no"?>
<!DOCTYPE log SYSTEM "logger.dtd">
<log>
<record>
  <date>2020-10-18T20:35:06.889-0300</date>
  <logger>KASSIO AUGUSTO DE MOURA SILVA</logger>
  <level>FINE</level>
  <message>File 119210551-KASSIO AUGUSTO DE MOURA SILVA.zip was received. It was sent by KASSIO AUGUSTO DE MOURA SILVA from IP 192.168.0.106 at 18-10-2020 20*35*06</message>
</record>
</log>
<?xml version="1.0" encoding="UTF-8" standalone="no"?>
<!DOCTYPE log SYSTEM "logger.dtd">
<log>
<record>
  <date>2020-10-18T20:39:39.567-0300</date>
  <logger>KASSIO AUGUSTO DE MOURA SILVA</logger>
  <level>FINE</level>
  <message>File 119210551-KASSIO AUGUSTO DE MOURA SILVA.zip was received. It was sent by KASSIO AUGUSTO DE MOURA SILVA from IP 192.168.0.106 at 18-10-2020 20*39*39</message>
</record>
</log>
<?xml version="1.0" encoding="UTF-8" standalone="no"?>
<!DOCTYPE log SYSTEM "logger.dtd">
<log>
<record>
  <date>2020-10-18T20:41:33.120-0300</date>
  <logger>KASSIO AUGUSTO DE MOURA SILVA</logger>
  <level>FINE</level>
  <message>File 119210551-KASSIO AUGUSTO DE MOURA SILVA.zip was received. It was sent by KASSIO AUGUSTO DE MOURA SILVA from IP 192.168.0.106 at 18-10-2020 20*41*33</message>
</record>
